# JRE version: OpenJDK Runtime Environment Temurin-17.0.15+6 (17.0.15+6) (build 17.0.15+6)
# Java VM: OpenJDK 64-Bit Server VM Temurin-17.0.15+6 (17.0.15+6, mixed mode, sharing, tiered, compressed oops, compressed class ptrs, g1 gc, windows-amd64)
GC Precious Log:
 CPUs: 4 total, 4 available
 Memory: 7971M
 Large Page Support: Disabled
 NUMA Support: Disabled
 Compressed Oops: Enabled (Zero based)
 Heap Region Size: 4M
 Heap Min Capacity: 8M
 Heap Initial Capacity: 128M
 Heap Max Capacity: 8G
 Pre-touch: Disabled
 Parallel Workers: 4
 Concurrent Workers: 1
 Concurrent Refinement Workers: 4
 Periodic GC: Disabled
Heap:
 garbage-first heap   total 2154496K, used 224007K [0x0000000600000000, 0x0000000800000000)
  region size 4096K, 1 young (4096K), 1 survivors (4096K)
 Metaspace       used 153490K, committed 154560K, reserved 1245184K
  class space    used 19395K, committed 19904K, reserved 1048576K
GC Heap History (20 events):
Event: 1151.643 GC heap after
{Heap after GC invocations=80 (full 0):
 garbage-first heap   total 1077248K, used 162088K [0x0000000600000000, 0x0000000800000000)
  region size 4096K, 4 young (16384K), 4 survivors (16384K)
 Metaspace       used 142798K, committed 143744K, reserved 1179648K
  class space    used 18213K, committed 18688K, reserved 1048576K
}
Event: 1168.878 GC heap before
{Heap before GC invocations=80 (full 0):
 garbage-first heap   total 1077248K, used 796968K [0x0000000600000000, 0x0000000800000000)
  region size 4096K, 157 young (643072K), 4 survivors (16384K)
 Metaspace       used 150900K, committed 151872K, reserved 1245184K
  class space    used 19181K, committed 19648K, reserved 1048576K
}
Event: 1168.932 GC heap after
{Heap after GC invocations=81 (full 0):
 garbage-first heap   total 1077248K, used 185080K [0x0000000600000000, 0x0000000800000000)
  region size 4096K, 10 young (40960K), 10 survivors (40960K)
 Metaspace       used 150900K, committed 151872K, reserved 1245184K
  class space    used 19181K, committed 19648K, reserved 1048576K
}
Event: 1172.326 GC heap before
{Heap before GC invocations=81 (full 0):
 garbage-first heap   total 1077248K, used 783096K [0x0000000600000000, 0x0000000800000000)
  region size 4096K, 157 young (643072K), 10 survivors (40960K)
 Metaspace       used 153294K, committed 154368K, reserved 1245184K
  class space    used 19392K, committed 19904K, reserved 1048576K
}
Event: 1172.780 GC heap after
{Heap after GC invocations=82 (full 0):
 garbage-first heap   total 1077248K, used 206025K [0x0000000600000000, 0x0000000800000000)
  region size 4096K, 15 young (61440K), 15 survivors (61440K)
 Metaspace       used 153294K, committed 154368K, reserved 1245184K
  class space    used 19392K, committed 19904K, reserved 1048576K
}
Event: 1173.471 GC heap before
{Heap before GC invocations=82 (full 0):
 garbage-first heap   total 1077248K, used 468169K [0x0000000600000000, 0x0000000800000000)
  region size 4096K, 80 young (327680K), 15 survivors (61440K)
 Metaspace       used 153409K, committed 154432K, reserved 1245184K
  class space    used 19393K, committed 19904K, reserved 1048576K
}
Event: 1173.580 GC heap after
{Heap after GC invocations=83 (full 0):
 garbage-first heap   total 1077248K, used 207713K [0x0000000600000000, 0x0000000800000000)
  region size 4096K, 6 young (24576K), 6 survivors (24576K)
 Metaspace       used 153409K, committed 154432K, reserved 1245184K
  class space    used 19393K, committed 19904K, reserved 1048576K
}
Event: 1174.463 GC heap before
{Heap before GC invocations=83 (full 0):
 garbage-first heap   total 1077248K, used 826209K [0x0000000600000000, 0x0000000800000000)
  region size 4096K, 157 young (643072K), 6 survivors (24576K)
 Metaspace       used 153461K, committed 154496K, reserved 1245184K
  class space    used 19395K, committed 19904K, reserved 1048576K
}
Event: 1174.603 GC heap after
{Heap after GC invocations=84 (full 0):
 garbage-first heap   total 1077248K, used 209300K [0x0000000600000000, 0x0000000800000000)
  region size 4096K, 7 young (28672K), 7 survivors (28672K)
 Metaspace       used 153461K, committed 154496K, reserved 1245184K
  class space    used 19395K, committed 19904K, reserved 1048576K
}
Event: 1175.465 GC heap before
{Heap before GC invocations=84 (full 0):
 garbage-first heap   total 1077248K, used 823700K [0x0000000600000000, 0x0000000800000000)
  region size 4096K, 157 young (643072K), 7 survivors (28672K)
 Metaspace       used 153482K, committed 154560K, reserved 1245184K
  class space    used 19395K, committed 19904K, reserved 1048576K
}
Event: 1175.563 GC heap after
{Heap after GC invocations=85 (full 0):
 garbage-first heap   total 1077248K, used 211809K [0x0000000600000000, 0x0000000800000000)
  region size 4096K, 7 young (28672K), 7 survivors (28672K)
 Metaspace       used 153482K, committed 154560K, reserved 1245184K
  class space    used 19395K, committed 19904K, reserved 1048576K
}
Event: 1176.205 GC heap before
{Heap before GC invocations=85 (full 0):
 garbage-first heap   total 1077248K, used 826209K [0x0000000600000000, 0x0000000800000000)
  region size 4096K, 157 young (643072K), 7 survivors (28672K)
 Metaspace       used 153486K, committed 154560K, reserved 1245184K
  class space    used 19395K, committed 19904K, reserved 1048576K
}
Event: 1176.741 GC heap after
{Heap after GC invocations=86 (full 0):
 garbage-first heap   total 2154496K, used 225365K [0x0000000600000000, 0x0000000800000000)
  region size 4096K, 11 young (45056K), 11 survivors (45056K)
 Metaspace       used 153486K, committed 154560K, reserved 1245184K
  class space    used 19395K, committed 19904K, reserved 1048576K
}
Event: 1176.857 GC heap before
{Heap before GC invocations=86 (full 0):
 garbage-first heap   total 2154496K, used 282709K [0x0000000600000000, 0x0000000800000000)
  region size 4096K, 26 young (106496K), 11 survivors (45056K)
 Metaspace       used 153486K, committed 154560K, reserved 1245184K
  class space    used 19395K, committed 19904K, reserved 1048576K
}
Event: 1185.820 GC heap after
{Heap after GC invocations=87 (full 0):
 garbage-first heap   total 2154496K, used 226975K [0x0000000600000000, 0x0000000800000000)
  region size 4096K, 2 young (8192K), 2 survivors (8192K)
 Metaspace       used 153486K, committed 154560K, reserved 1245184K
  class space    used 19395K, committed 19904K, reserved 1048576K
}
Event: 1186.461 GC heap before
{Heap before GC invocations=87 (full 0):
 garbage-first heap   total 2154496K, used 325279K [0x0000000600000000, 0x0000000800000000)
  region size 4096K, 27 young (110592K), 2 survivors (8192K)
 Metaspace       used 153490K, committed 154560K, reserved 1245184K
  class space    used 19395K, committed 19904K, reserved 1048576K
}
Event: 1186.623 GC heap after
{Heap after GC invocations=88 (full 0):
 garbage-first heap   total 2154496K, used 224337K [0x0000000600000000, 0x0000000800000000)
  region size 4096K, 1 young (4096K), 1 survivors (4096K)
 Metaspace       used 153490K, committed 154560K, reserved 1245184K
  class space    used 19395K, committed 19904K, reserved 1048576K
}
Event: 1187.039 GC heap before
{Heap before GC invocations=88 (full 0):
 garbage-first heap   total 2154496K, used 326737K [0x0000000600000000, 0x0000000800000000)
  region size 4096K, 26 young (106496K), 1 survivors (4096K)
 Metaspace       used 153490K, committed 154560K, reserved 1245184K
  class space    used 19395K, committed 19904K, reserved 1048576K
}
Event: 1187.126 GC heap after
{Heap after GC invocations=89 (full 0):
 garbage-first heap   total 2154496K, used 223474K [0x0000000600000000, 0x0000000800000000)
  region size 4096K, 1 young (4096K), 1 survivors (4096K)
 Metaspace       used 153490K, committed 154560K, reserved 1245184K
  class space    used 19395K, committed 19904K, reserved 1048576K
}
Event: 1187.537 GC heap before
{Heap before GC invocations=89 (full 0):
 garbage-first heap   total 2154496K, used 325874K [0x0000000600000000, 0x0000000800000000)
  region size 4096K, 26 young (106496K), 1 survivors (4096K)
 Metaspace       used 153490K, committed 154560K, reserved 1245184K
  class space    used 19395K, committed 19904K, reserved 1048576K
}

